#
# A fatal error has been detected by the Java Runtime Environment:
#
#  EXCEPTION_ACCESS_VIOLATION (0xc0000005) at pc=0x00007fffc591de2f, pid=7312, tid=0x00000000000007e4
#
# JRE version: Java(TM) SE Runtime Environment (8.0_151-b12) (build 1.8.0_151-b12)
# Java VM: Java HotSpot(TM) 64-Bit Server VM (25.151-b12 mixed mode windows-amd64 compressed oops)
# Problematic frame:
# C  [ntdll.dll+0x2de2f]
#
# Failed to write core dump. Minidumps are not enabled by default on client versions of Windows
#
# If you would like to submit a bug report, please visit:
#   http://bugreport.java.com/bugreport/crash.jsp
# The crash happened outside the Java Virtual Machine in native code.
# See problematic frame for where to report the bug.
#

---------------  T H R E A D  ---------------

Current thread (0x0000000016b46000):  JavaThread "LWJGL Application" [_thread_in_native, id=2020, stack(0x0000000017ad0000,0x0000000017bd0000)]

siginfo: ExceptionCode=0xc0000005, reading address 0x00000000feffffff

Registers:
RAX=0x0000000000001678, RBX=0x0000000000c70000, RCX=0x0000000000000000, RDX=0x0000000080000000
RSP=0x0000000017bc9c00, RBP=0x0000000017bc9fe0, RSI=0x0000000000000000, RDI=0x0000000017dd8830
R8 =0x0000000017dd8840, R9 =0x0000000000c72d14, R10=0x00000000feffffff, R11=0x0000000000000000
R12=0x0000000000000000, R13=0x000000000000005b, R14=0x0000000000c72c70, R15=0x0000000017dd8840
RIP=0x00007fffc591de2f, EFLAGS=0x0000000000010216

Top of Stack: (sp=0x0000000017bc9c00)
0x0000000017bc9c00:   00000000150d23d0 00000000150d22d0
0x0000000017bc9c10:   0000000014e58d48 0000000014e655f8
0x0000000017bc9c20:   0000000014c4df50 00000000e634efc0
0x0000000017bc9c30:   0000000100000001 0000000000000000
0x0000000017bc9c40:   00000000207d0000 0000000000000000
0x0000000017bc9c50:   00000000150eaa01 0000000000000001
0x0000000017bc9c60:   0000037f00000001 0000000014e655d8
0x0000000017bc9c70:   0000000017dd8830 00000000feffffff
0x0000000017bc9c80:   0000000014f2b6c0 0000000000000000
0x0000000017bc9c90:   00000000150cff18 0000000000000080
0x0000000017bc9ca0:   0000000000000000 0000000000000000
0x0000000017bc9cb0:   0000000000000000 0000000014e68780
0x0000000017bc9cc0:   0000000014e65738 0000000014e655d8
0x0000000017bc9cd0:   0000000014d36aa8 0000000014bd0690
0x0000000017bc9ce0:   0000000014c4df10 00000000150cfef8
0x0000000017bc9cf0:   00000000150ea010 00000000150cf6a0 

Instructions: (pc=0x00007fffc591de2f)
0x00007fffc591de0f:   16 00 00 0f b7 47 08 49 3b c5 0f 82 06 17 00 00
0x00007fffc591de1f:   4c 8d 47 10 4d 8b 20 4c 8b 57 18 4c 89 54 24 78
0x00007fffc591de2f:   49 8b 0a 4d 8b 4c 24 08 49 3b c9 0f 85 c2 16 00
0x00007fffc591de3f:   00 49 3b c8 0f 85 b9 16 00 00 48 29 83 c0 00 00 


Register to memory mapping:

RAX=0x0000000000001678 is an unknown value
RBX=0x0000000000c70000 is an unknown value
RCX=0x0000000000000000 is an unknown value
RDX=0x0000000080000000 is an unknown value
RSP=0x0000000017bc9c00 is pointing into the stack for thread: 0x0000000016b46000
RBP=0x0000000017bc9fe0 is pointing into the stack for thread: 0x0000000016b46000
RSI=0x0000000000000000 is an unknown value
RDI=0x0000000017dd8830 is an unknown value
R8 =0x0000000017dd8840 is an unknown value
R9 =0x0000000000c72d14 is an unknown value
R10=0x00000000feffffff is an unallocated location in the heap
R11=0x0000000000000000 is an unknown value
R12=0x0000000000000000 is an unknown value
R13=0x000000000000005b is an unknown value
R14=0x0000000000c72c70 is an unknown value
R15=0x0000000017dd8840 is an unknown value


Stack: [0x0000000017ad0000,0x0000000017bd0000],  sp=0x0000000017bc9c00,  free space=999k
Native frames: (J=compiled Java code, j=interpreted, Vv=VM code, C=native code)
C  [ntdll.dll+0x2de2f]
C  [ntdll.dll+0x2b88a]
C  [msvcrt.dll+0x19a00]
C  [gdx64.dll+0xcf3e]
C  [gdx64.dll+0xf957]
C  [gdx64.dll+0x10df4]
C  [gdx64.dll+0x11b98]
C  [gdx64.dll+0x1486]
C  0x00000000026359d4

Java frames: (J=compiled Java code, j=interpreted, Vv=VM code)
j  com.badlogic.gdx.graphics.g2d.Gdx2DPixmap.load([J[BII)Ljava/nio/ByteBuffer;+0
j  com.badlogic.gdx.graphics.g2d.Gdx2DPixmap.<init>([BIII)V+19
j  com.badlogic.gdx.graphics.Pixmap.<init>(Lcom/badlogic/gdx/files/FileHandle;)V+31
j  com.badlogic.gdx.graphics.TextureData$Factory.loadFromFile(Lcom/badlogic/gdx/files/FileHandle;Lcom/badlogic/gdx/graphics/Pixmap$Format;Z)Lcom/badlogic/gdx/graphics/TextureData;+99
j  com.badlogic.gdx.graphics.Texture.<init>(Lcom/badlogic/gdx/files/FileHandle;Lcom/badlogic/gdx/graphics/Pixmap$Format;Z)V+4
j  com.badlogic.gdx.graphics.Texture.<init>(Lcom/badlogic/gdx/files/FileHandle;)V+4
j  gr.joints.myscreens.ScreenMenu.<init>(Lgr/joints/managers/MyScreenManager;)V+28
j  gr.joints.managers.MyScreenManager.getScreenFromUser(I)Lgr/joints/myscreens/GraniteScreen;+39
j  gr.joints.managers.MyScreenManager.pushScreen(I)V+6
j  gr.joints.managers.MyScreenManager.inputHandler(F)V+28
j  gr.joints.MyGame.render()V+79
j  com.badlogic.gdx.backends.lwjgl.LwjglApplication.mainLoop()V+698
j  com.badlogic.gdx.backends.lwjgl.LwjglApplication$1.run()V+27
v  ~StubRoutines::call_stub

---------------  P R O C E S S  ---------------

Java Threads: ( => current thread )
  0x00000000172c7000 JavaThread "LWJGL Timer" daemon [_thread_blocked, id=6848, stack(0x000000001ff50000,0x0000000020050000)]
  0x000000000086e800 JavaThread "DestroyJavaVM" [_thread_blocked, id=8816, stack(0x0000000002420000,0x0000000002520000)]
=>0x0000000016b46000 JavaThread "LWJGL Application" [_thread_in_native, id=2020, stack(0x0000000017ad0000,0x0000000017bd0000)]
  0x000000001545d000 JavaThread "Service Thread" daemon [_thread_blocked, id=8560, stack(0x0000000016550000,0x0000000016650000)]
  0x0000000015457000 JavaThread "C1 CompilerThread1" daemon [_thread_blocked, id=4040, stack(0x0000000016450000,0x0000000016550000)]
  0x00000000153fa800 JavaThread "C2 CompilerThread0" daemon [_thread_blocked, id=1388, stack(0x0000000016350000,0x0000000016450000)]
  0x00000000153f9800 JavaThread "Attach Listener" daemon [_thread_blocked, id=9436, stack(0x0000000016250000,0x0000000016350000)]
  0x00000000153f8000 JavaThread "Signal Dispatcher" daemon [_thread_blocked, id=9720, stack(0x0000000016150000,0x0000000016250000)]
  0x00000000153e8000 JavaThread "Finalizer" daemon [_thread_blocked, id=808, stack(0x0000000016030000,0x0000000016130000)]
  0x0000000002610000 JavaThread "Reference Handler" daemon [_thread_blocked, id=5788, stack(0x0000000015f30000,0x0000000016030000)]

Other Threads:
  0x00000000153c5800 VMThread [stack: 0x0000000015e30000,0x0000000015f30000] [id=9844]
  0x0000000015473000 WatcherThread [stack: 0x0000000016650000,0x0000000016750000] [id=5792]

VM state:not at safepoint (normal execution)

VM Mutex/Monitor currently owned by a thread: None

Heap:
 PSYoungGen      total 24064K, used 14934K [0x00000000e5580000, 0x00000000e7000000, 0x0000000100000000)
  eden space 20992K, 71% used [0x00000000e5580000,0x00000000e6415a40,0x00000000e6a00000)
  from space 3072K, 0% used [0x00000000e6d00000,0x00000000e6d00000,0x00000000e7000000)
  to   space 3072K, 0% used [0x00000000e6a00000,0x00000000e6a00000,0x00000000e6d00000)
 ParOldGen       total 54784K, used 0K [0x00000000b0000000, 0x00000000b3580000, 0x00000000e5580000)
  object space 54784K, 0% used [0x00000000b0000000,0x00000000b0000000,0x00000000b3580000)
 Metaspace       used 7006K, capacity 7267K, committed 7424K, reserved 1056768K
  class space    used 664K, capacity 688K, committed 768K, reserved 1048576K

Card table byte_map: [0x00000000119e0000,0x0000000011c70000] byte_map_base: 0x0000000011460000

Marking Bits: (ParMarkBitMap*) 0x000000006bb0d850
 Begin Bits: [0x0000000012020000, 0x0000000013420000)
 End Bits:   [0x0000000013420000, 0x0000000014820000)

Polling page: 0x0000000000800000

CodeCache: size=245760Kb used=2745Kb max_used=2745Kb free=243014Kb
 bounds [0x0000000002620000, 0x00000000028d0000, 0x0000000011620000]
 total_blobs=1141 nmethods=663 adapters=393
 compilation: enabled

Compilation events (10 events):
Event: 5.329 Thread 0x0000000015457000  659       3       com.badlogic.gdx.backends.lwjgl.LwjglInput::getLwjglKeyCode (1328 bytes)
Event: 5.329 Thread 0x0000000015457000 nmethod 659 0x00000000028c7850 code [0x00000000028c7a60, 0x00000000028c85b0]
Event: 5.329 Thread 0x0000000015457000  660   !   3       org.lwjgl.input.Keyboard::isKeyDown (45 bytes)
Event: 5.329 Thread 0x0000000015457000 nmethod 660 0x00000000028c8650 code [0x00000000028c8800, 0x00000000028c8e88]
Event: 5.329 Thread 0x0000000015457000  661       3       com.badlogic.gdx.graphics.g2d.SpriteBatch::flush (185 bytes)
Event: 5.332 Thread 0x0000000015457000 nmethod 661 0x00000000028c9210 code [0x00000000028c9680, 0x00000000028cba78]
Event: 5.332 Thread 0x0000000015457000  662       3       com.badlogic.gdx.graphics.Mesh::getIndicesBuffer (10 bytes)
Event: 5.332 Thread 0x0000000015457000 nmethod 662 0x00000000028cd7d0 code [0x00000000028cd940, 0x00000000028cdb68]
Event: 5.332 Thread 0x0000000015457000  663       3       org.lwjgl.opengl.GL20::glVertexAttribPointer (63 bytes)
Event: 5.333 Thread 0x0000000015457000 nmethod 663 0x00000000028cdc10 code [0x00000000028cdec0, 0x00000000028cefa8]

GC Heap History (0 events):
No events

Deoptimization events (0 events):
No events

Internal exceptions (10 events):
Event: 0.298 Thread 0x000000000086e800 Exception <a 'java/security/PrivilegedActionException'> (0x00000000e5848760) thrown at [C:\re\workspace\8-2-build-windows-amd64-cygwin\jdk8u151\9699\hotspot\src\share\vm\prims\jvm.cpp, line 1390]
Event: 0.298 Thread 0x000000000086e800 Exception <a 'java/security/PrivilegedActionException'> (0x00000000e5848970) thrown at [C:\re\workspace\8-2-build-windows-amd64-cygwin\jdk8u151\9699\hotspot\src\share\vm\prims\jvm.cpp, line 1390]
Event: 0.298 Thread 0x000000000086e800 Exception <a 'java/security/PrivilegedActionException'> (0x00000000e584c5e0) thrown at [C:\re\workspace\8-2-build-windows-amd64-cygwin\jdk8u151\9699\hotspot\src\share\vm\prims\jvm.cpp, line 1390]
Event: 0.298 Thread 0x000000000086e800 Exception <a 'java/security/PrivilegedActionException'> (0x00000000e584c7f0) thrown at [C:\re\workspace\8-2-build-windows-amd64-cygwin\jdk8u151\9699\hotspot\src\share\vm\prims\jvm.cpp, line 1390]
Event: 0.434 Thread 0x000000000086e800 Exception <a 'java/security/PrivilegedActionException'> (0x00000000e5a116e8) thrown at [C:\re\workspace\8-2-build-windows-amd64-cygwin\jdk8u151\9699\hotspot\src\share\vm\prims\jvm.cpp, line 1390]
Event: 0.435 Thread 0x000000000086e800 Exception <a 'java/security/PrivilegedActionException'> (0x00000000e5a133c0) thrown at [C:\re\workspace\8-2-build-windows-amd64-cygwin\jdk8u151\9699\hotspot\src\share\vm\prims\jvm.cpp, line 1390]
Event: 0.435 Thread 0x000000000086e800 Exception <a 'java/security/PrivilegedActionException'> (0x00000000e5a14530) thrown at [C:\re\workspace\8-2-build-windows-amd64-cygwin\jdk8u151\9699\hotspot\src\share\vm\prims\jvm.cpp, line 1390]
Event: 0.435 Thread 0x000000000086e800 Exception <a 'java/security/PrivilegedActionException'> (0x00000000e5a19698) thrown at [C:\re\workspace\8-2-build-windows-amd64-cygwin\jdk8u151\9699\hotspot\src\share\vm\prims\jvm.cpp, line 1390]
Event: 0.435 Thread 0x000000000086e800 Exception <a 'java/security/PrivilegedActionException'> (0x00000000e5a1a2f0) thrown at [C:\re\workspace\8-2-build-windows-amd64-cygwin\jdk8u151\9699\hotspot\src\share\vm\prims\jvm.cpp, line 1390]
Event: 0.435 Thread 0x000000000086e800 Exception <a 'java/security/PrivilegedActionException'> (0x00000000e5a1af18) thrown at [C:\re\workspace\8-2-build-windows-amd64-cygwin\jdk8u151\9699\hotspot\src\share\vm\prims\jvm.cpp, line 1390]

Events (10 events):
Event: 3.477 Thread 0x0000000016b46000 DEOPT PACKING pc=0x000000000289856f sp=0x0000000017bcf0e0
Event: 3.477 Thread 0x0000000016b46000 DEOPT UNPACKING pc=0x00000000026671bf sp=0x0000000017bceef0 mode 0
Event: 4.220 Executing VM operation: EnableBiasedLocking
Event: 4.220 Executing VM operation: EnableBiasedLocking done
Event: 4.228 loading class org/lwjgl/opengl/WindowsKeycodes
Event: 4.228 loading class org/lwjgl/opengl/WindowsKeycodes done
Event: 4.229 loading class com/badlogic/gdx/backends/lwjgl/LwjglInput$KeyEvent
Event: 4.229 loading class com/badlogic/gdx/backends/lwjgl/LwjglInput$KeyEvent done
Event: 4.230 loading class com/badlogic/gdx/utils/Pool$Poolable
Event: 4.230 loading class com/badlogic/gdx/utils/Pool$Poolable done


Dynamic libraries:
0x00007ff7fd9f0000 - 0x00007ff7fda27000 	C:\Program Files\Java\jre1.8.0_151\bin\javaw.exe
0x00007fffc58f0000 - 0x00007fffc5acb000 	C:\Windows\SYSTEM32\ntdll.dll
0x00007fffc3df0000 - 0x00007fffc3e9e000 	C:\Windows\System32\KERNEL32.DLL
0x00007fffc1e10000 - 0x00007fffc2059000 	C:\Windows\System32\KERNELBASE.dll
0x00007fffc02a0000 - 0x00007fffc031e000 	C:\Windows\SYSTEM32\apphelp.dll
0x00007fffc3500000 - 0x00007fffc35a1000 	C:\Windows\System32\ADVAPI32.dll
0x00007fffc5850000 - 0x00007fffc58ed000 	C:\Windows\System32\msvcrt.dll
0x00007fffc3d90000 - 0x00007fffc3de9000 	C:\Windows\System32\sechost.dll
0x00007fffc35b0000 - 0x00007fffc36d5000 	C:\Windows\System32\RPCRT4.dll
0x00007fffc3740000 - 0x00007fffc388a000 	C:\Windows\System32\USER32.dll
0x00007fffc2340000 - 0x00007fffc235e000 	C:\Windows\System32\win32u.dll
0x00007fffc3ea0000 - 0x00007fffc3ec7000 	C:\Windows\System32\GDI32.dll
0x00007fffc2360000 - 0x00007fffc24e7000 	C:\Windows\System32\gdi32full.dll
0x00007fffc2db0000 - 0x00007fffc2e4a000 	C:\Windows\System32\msvcp_win.dll
0x00007fffc24f0000 - 0x00007fffc25e6000 	C:\Windows\System32\ucrtbase.dll
0x00007fffb7f00000 - 0x00007fffb8167000 	C:\Windows\WinSxS\amd64_microsoft.windows.common-controls_6595b64144ccf1df_6.0.15063.483_none_26002d27e7c744a2\COMCTL32.dll
0x00007fffc5320000 - 0x00007fffc5619000 	C:\Windows\System32\combase.dll
0x00007fffc25f0000 - 0x00007fffc265a000 	C:\Windows\System32\bcryptPrimitives.dll
0x00007fffc3290000 - 0x00007fffc32bd000 	C:\Windows\System32\IMM32.DLL
0x000000006aeb0000 - 0x000000006af82000 	C:\Program Files\Java\jre1.8.0_151\bin\msvcr100.dll
0x000000006b2f0000 - 0x000000006bb8d000 	C:\Program Files\Java\jre1.8.0_151\bin\server\jvm.dll
0x00007fffc39a0000 - 0x00007fffc39a8000 	C:\Windows\System32\PSAPI.DLL
0x00007fffbdf60000 - 0x00007fffbdf69000 	C:\Windows\SYSTEM32\WSOCK32.dll
0x00007fffc32c0000 - 0x00007fffc332c000 	C:\Windows\System32\WS2_32.dll
0x00007fffc03b0000 - 0x00007fffc03d3000 	C:\Windows\SYSTEM32\WINMM.dll
0x00007fffbdef0000 - 0x00007fffbdefa000 	C:\Windows\SYSTEM32\VERSION.dll
0x00007fffc0350000 - 0x00007fffc037b000 	C:\Windows\SYSTEM32\WINMMBASE.dll
0x00007fffc2d60000 - 0x00007fffc2da9000 	C:\Windows\System32\cfgmgr32.dll
0x000000006b2e0000 - 0x000000006b2ef000 	C:\Program Files\Java\jre1.8.0_151\bin\verify.dll
0x000000006b2b0000 - 0x000000006b2d9000 	C:\Program Files\Java\jre1.8.0_151\bin\java.dll
0x000000006b290000 - 0x000000006b2a6000 	C:\Program Files\Java\jre1.8.0_151\bin\zip.dll
0x00007fffc3ee0000 - 0x00007fffc5316000 	C:\Windows\System32\SHELL32.dll
0x00007fffc38f0000 - 0x00007fffc399a000 	C:\Windows\System32\shcore.dll
0x00007fffc2660000 - 0x00007fffc2d51000 	C:\Windows\System32\windows.storage.dll
0x00007fffc3330000 - 0x00007fffc3381000 	C:\Windows\System32\shlwapi.dll
0x00007fffc1df0000 - 0x00007fffc1e01000 	C:\Windows\System32\kernel.appcore.dll
0x00007fffc1da0000 - 0x00007fffc1dec000 	C:\Windows\System32\powrprof.dll
0x00007fffc1d60000 - 0x00007fffc1d75000 	C:\Windows\System32\profapi.dll
0x0000000065580000 - 0x0000000065616000 	C:\Users\Bionic\AppData\Local\Temp\libgdxBionic\38c81921\gdx64.dll
0x00007fffc17b0000 - 0x00007fffc17c7000 	C:\Windows\SYSTEM32\CRYPTSP.dll
0x00007fffc1230000 - 0x00007fffc1264000 	C:\Windows\system32\rsaenh.dll
0x00007fffc1a00000 - 0x00007fffc1a25000 	C:\Windows\SYSTEM32\bcrypt.dll
0x00007fffc1c60000 - 0x00007fffc1c89000 	C:\Windows\SYSTEM32\USERENV.dll
0x00007fffc17d0000 - 0x00007fffc17db000 	C:\Windows\SYSTEM32\CRYPTBASE.dll
0x000000006b270000 - 0x000000006b28a000 	C:\Program Files\Java\jre1.8.0_151\bin\net.dll
0x00007fffc1610000 - 0x00007fffc166c000 	C:\Windows\system32\mswsock.dll
0x00007fffc13b0000 - 0x00007fffc13e7000 	C:\Windows\SYSTEM32\IPHLPAPI.DLL
0x00007fffc3be0000 - 0x00007fffc3be8000 	C:\Windows\System32\NSI.dll
0x00007fffbaf90000 - 0x00007fffbafa6000 	C:\Windows\SYSTEM32\dhcpcsvc6.DLL
0x00007fffbaf70000 - 0x00007fffbaf8a000 	C:\Windows\SYSTEM32\dhcpcsvc.DLL
0x000000006b250000 - 0x000000006b261000 	C:\Program Files\Java\jre1.8.0_151\bin\nio.dll
0x0000000180000000 - 0x0000000180053000 	C:\Users\Bionic\AppData\Local\Temp\libgdxBionic\dc0f0009\lwjgl64.dll
0x00007fffbcd60000 - 0x00007fffbce81000 	C:\Windows\SYSTEM32\OPENGL32.dll
0x00007fffbd360000 - 0x00007fffbd38c000 	C:\Windows\SYSTEM32\GLU32.dll
0x00000000176a0000 - 0x0000000017704000 	C:\Users\Bionic\AppData\Local\Temp\libgdxBionic\dc0f0009\OpenAL64.dll
0x00007fffc39b0000 - 0x00007fffc3af5000 	C:\Windows\System32\ole32.dll
0x00007fffc05a0000 - 0x00007fffc0635000 	C:\Windows\system32\uxtheme.dll
0x00007fffc5730000 - 0x00007fffc57ce000 	C:\Windows\System32\clbcatq.dll
0x00007fffc0070000 - 0x00007fffc0206000 	C:\Windows\System32\PROPSYS.dll
0x00007fffc3b20000 - 0x00007fffc3be0000 	C:\Windows\System32\OLEAUT32.dll
0x00007fffadfc0000 - 0x00007fffae04c000 	C:\Windows\SYSTEM32\dsound.dll
0x00007fffba580000 - 0x00007fffba5e7000 	C:\Windows\System32\MMDevApi.dll
0x00007fffc0850000 - 0x00007fffc0878000 	C:\Windows\System32\DEVOBJ.dll
0x00007fffb6210000 - 0x00007fffb6315000 	C:\Windows\SYSTEM32\AUDIOSES.DLL
0x00007fffbe110000 - 0x00007fffbe249000 	C:\Windows\SYSTEM32\wintypes.dll
0x00007fffbe660000 - 0x00007fffbe66b000 	C:\Windows\SYSTEM32\AVRT.dll
0x00007fffc3390000 - 0x00007fffc34f6000 	C:\Windows\System32\MSCTF.dll
0x00007fffc0240000 - 0x00007fffc026a000 	C:\Windows\system32\dwmapi.dll
0x00007fffbd4e0000 - 0x00007fffbd562000 	C:\Windows\System32\TextInputFramework.dll
0x00007fffbe260000 - 0x00007fffbe532000 	C:\Windows\System32\CoreUIComponents.dll
0x00007fffbfa90000 - 0x00007fffbfb73000 	C:\Windows\System32\CoreMessaging.dll
0x00007fffc0f70000 - 0x00007fffc0fa1000 	C:\Windows\SYSTEM32\ntmarta.dll
0x00007fffbeb00000 - 0x00007fffbeb15000 	C:\Windows\SYSTEM32\usermgrcli.dll
0x0000000068c40000 - 0x000000006aea9000 	C:\Windows\SYSTEM32\nvoglv64.DLL
0x00007fffc2e50000 - 0x00007fffc328b000 	C:\Windows\System32\SETUPAPI.dll
0x00007fffc0050000 - 0x00007fffc0063000 	C:\Windows\SYSTEM32\WTSAPI32.dll
0x00007fffc22e0000 - 0x00007fffc2336000 	C:\Windows\System32\WINTRUST.dll
0x00007fffc1d80000 - 0x00007fffc1d91000 	C:\Windows\System32\MSASN1.dll
0x00007fffc2060000 - 0x00007fffc2229000 	C:\Windows\System32\CRYPT32.dll
0x00007fffb7880000 - 0x00007fffb7a5c000 	C:\Windows\system32\nvspcap64.dll
0x00007fffb77a0000 - 0x00007fffb7877000 	C:\Windows\SYSTEM32\WINHTTP.dll
0x00007fffbb560000 - 0x00007fffbb99f000 	C:\Windows\system32\nvapi64.dll
0x00007fffc0cb0000 - 0x00007fffc0d54000 	C:\Windows\SYSTEM32\dxgi.dll
0x00007fffb6c20000 - 0x00007fffb6cb3000 	C:\Windows\SYSTEM32\mscms.dll
0x00007fffbce90000 - 0x00007fffbced1000 	C:\Windows\SYSTEM32\icm32.dll
0x00007fffc1810000 - 0x00007fffc1865000 	C:\Windows\SYSTEM32\WINSTA.dll
0x0000000066bc0000 - 0x0000000066c7b000 	C:\Users\Bionic\AppData\Local\Temp\libgdxBionic\935f82d0\gdx-box2d64.dll
0x00007fffb2460000 - 0x00007fffb2609000 	C:\Windows\SYSTEM32\dbghelp.dll

VM Arguments:
jvm_args: -Dfile.encoding=Cp1253 
java_command: gr.joints.desktop.DesktopLauncher
java_class_path (initial): C:\Program Files\Java\jre1.8.0_151\lib\resources.jar;C:\Program Files\Java\jre1.8.0_151\lib\rt.jar;C:\Program Files\Java\jre1.8.0_151\lib\jsse.jar;C:\Program Files\Java\jre1.8.0_151\lib\jce.jar;C:\Program Files\Java\jre1.8.0_151\lib\charsets.jar;C:\Program Files\Java\jre1.8.0_151\lib\jfr.jar;C:\Program Files\Java\jre1.8.0_151\lib\ext\access-bridge-64.jar;C:\Program Files\Java\jre1.8.0_151\lib\ext\cldrdata.jar;C:\Program Files\Java\jre1.8.0_151\lib\ext\dnsns.jar;C:\Program Files\Java\jre1.8.0_151\lib\ext\jaccess.jar;C:\Program Files\Java\jre1.8.0_151\lib\ext\jfxrt.jar;C:\Program Files\Java\jre1.8.0_151\lib\ext\localedata.jar;C:\Program Files\Java\jre1.8.0_151\lib\ext\nashorn.jar;C:\Program Files\Java\jre1.8.0_151\lib\ext\sunec.jar;C:\Program Files\Java\jre1.8.0_151\lib\ext\sunjce_provider.jar;C:\Program Files\Java\jre1.8.0_151\lib\ext\sunmscapi.jar;C:\Program Files\Java\jre1.8.0_151\lib\ext\sunpkcs11.jar;C:\Program Files\Java\jre1.8.0_151\lib\ext\zipfs.jar;C:\Users\Bionic\Documents\eclipse-workspace\Box2D Joints 01-desktop\bin;C:\Users\Bionic\Documents\eclipse-workspace\Box2D Joints 01-core\bin;C:\Users\Bionic\.gradle\caches\modules-2\files-2.1\com.badlogicgames.gdx\gdx\1.9.6\47d1e9b890e364ec28f128e9bb3b9a12a94c164\gdx-1.9.6.jar;C:\Users\Bionic\.gradle\caches\modules-2\files-2.1\com.badlogicgames.gdx\gdx-freetype\1.9.6\69187cc3c8062f191df435b43671b0e5ffcbf353\gdx-freetype-1.9.6.jar;C:\Users\Bionic\.gradle\caches\modules-2\files-2.1\com.badlogicgames.gdx\gdx-controllers\1.9.6\ea1fd4884be631d9b7cd0f496b1ab39e31eb434b\gdx-controllers-1.9.6.jar;C:\Users\Bionic\.gradle\caches\modules-2\files-2.1\com.badlogicgames.gdx\gdx-box2d\1.9.6\c249ef4060a4fada952f278455c8f7b9cba3c18a\gdx-box2d-1.9.6.jar;C:\Users\Bionic\.gradle\caches\modules-2\files-2.1\com.badlogicgames.gdx\gdx-ai\1.8.0\ec30677d8ab1a8b8aa4b853c5f4e4b1361f50bf5\gdx-ai-1.8.0.jar;C:\Users\Bionic\.gradle\caches\modules-2\files-2.1\com.badlogicgames.ashley\ashley\1.7.0\a7c4083c0a42027a3c03ba
Launcher Type: SUN_STANDARD

Environment Variables:
PATH=C:/Program Files/Java/jre1.8.0_151/bin/server;C:/Program Files/Java/jre1.8.0_151/bin;C:/Program Files/Java/jre1.8.0_151/lib/amd64;C:\ProgramData\Oracle\Java\javapath;C:\Windows\system32;C:\Windows;C:\Windows\System32\Wbem;C:\Windows\System32\WindowsPowerShell\v1.0\;C:\Program Files (x86)\NVIDIA Corporation\PhysX\Common;C:\Program Files\Java\jdk1.8.0_144\bin;C:\Users\Bionic\AppData\Local\Android\sdk;C:\Program Files (x86)\Git\cmd;C:\Users\Bionic\android-sdks;C:\Users\Bionic\AppData\Local\Microsoft\WindowsApps;C:\Program Files\eclipse;
USERNAME=Bionic
OS=Windows_NT
PROCESSOR_IDENTIFIER=Intel64 Family 6 Model 23 Stepping 6, GenuineIntel



---------------  S Y S T E M  ---------------

OS: Windows 10.0 , 64 bit Build 15063 (10.0.15063.296)

CPU:total 2 (initial active 2) (2 cores per cpu, 1 threads per core) family 6 model 23 stepping 6, cmov, cx8, fxsr, mmx, sse, sse2, sse3, ssse3, sse4.1, tsc

Memory: 4k page, physical 5241964k(1953064k free), swap 8866928k(3722220k free)

vm_info: Java HotSpot(TM) 64-Bit Server VM (25.151-b12) for windows-amd64 JRE (1.8.0_151-b12), built on Sep  5 2017 19:33:46 by "java_re" with MS VC++ 10.0 (VS2010)

time: Sat Oct 21 13:13:12 2017
elapsed time: 5 seconds (0d 0h 0m 5s)

