#
# A fatal error has been detected by the Java Runtime Environment:
#
#  EXCEPTION_ACCESS_VIOLATION (0xc0000005) at pc=0x0000000066be2430, pid=8620, tid=0x0000000000001880
#
# JRE version: Java(TM) SE Runtime Environment (8.0_151-b12) (build 1.8.0_151-b12)
# Java VM: Java HotSpot(TM) 64-Bit Server VM (25.151-b12 mixed mode windows-amd64 compressed oops)
# Problematic frame:
# C  [gdx-box2d64.dll+0x22430]
#
# Failed to write core dump. Minidumps are not enabled by default on client versions of Windows
#
# If you would like to submit a bug report, please visit:
#   http://bugreport.java.com/bugreport/crash.jsp
# The crash happened outside the Java Virtual Machine in native code.
# See problematic frame for where to report the bug.
#

---------------  T H R E A D  ---------------

Current thread (0x00000000199d6000):  JavaThread "LWJGL Application" [_thread_in_native, id=6272, stack(0x000000001a5c0000,0x000000001a6c0000)]

siginfo: ExceptionCode=0xc0000005, writing address 0x000000001a7bd368

Registers:
RAX=0x0000000066c1c8b0, RBX=0x000000001a7a4060, RCX=0x000000001a7a4060, RDX=0x000000001a6bea60
RSP=0x000000001a6bea38, RBP=0x000000001a6beb48, RSI=0x000000001a7d1a60, RDI=0x0000000000000005
R8 =0x000000001a7a4060, R9 =0x000000001a7d1a60, R10=0x00000000047559a8, R11=0x00000000536fb4d0
R12=0x0000000000000000, R13=0x0000000017ae92b8, R14=0x000000001a6beb88, R15=0x00000000199d6000
RIP=0x0000000066be2430, EFLAGS=0x0000000000010202

Top of Stack: (sp=0x000000001a6bea38)
0x000000001a6bea38:   0000000066be8665 000000001a6beac8
0x000000001a6bea48:   00000000e0d19068 00000000e084d950
0x000000001a6bea58:   0000000004751718 0000000066c1c830
0x000000001a6bea68:   00000000199d61f8 000000001a6beb88
0x000000001a6bea78:   000000005364cd03 0000000066c1c8b0
0x000000001a6bea88:   00000000199d61f8 000000001a6beb88
0x000000001a6bea98:   0000000000000000 0000000000000005
0x000000001a6beaa8:   0000000017ae92b8 0000000000000000
0x000000001a6beab8:   00000000047559d4 000000001a6beac0
0x000000001a6beac8:   000000001791ae65 000000001a6beb28
0x000000001a6bead8:   000000001791d0d8 0000000000000000
0x000000001a6beae8:   000000001791aec0 0000000000000000
0x000000001a6beaf8:   000000001a6beb20 000000001a6beb70
0x000000001a6beb08:   000000001a6beb08 0000000000000000
0x000000001a6beb18:   000000001a6beb88 0000000017afa890
0x000000001a6beb28:   0000000000000000 0000000017ae92b8 

Instructions: (pc=0x0000000066be2430)
0x0000000066be2410:   28 c7 44 24 48 ff ff ff ff e8 62 19 01 00 90 90
0x0000000066be2420:   48 89 91 48 93 01 00 c3 0f 1f 84 00 00 00 00 00
0x0000000066be2430:   48 89 91 08 93 01 00 c3 0f 1f 84 00 00 00 00 00
0x0000000066be2440:   48 89 91 10 93 01 00 c3 0f 1f 84 00 00 00 00 00 


Register to memory mapping:

RAX=0x0000000066c1c8b0 is an unknown value
RBX=0x000000001a7a4060 is an unknown value
RCX=0x000000001a7a4060 is an unknown value
RDX=0x000000001a6bea60 is pointing into the stack for thread: 0x00000000199d6000
RSP=0x000000001a6bea38 is pointing into the stack for thread: 0x00000000199d6000
RBP=0x000000001a6beb48 is pointing into the stack for thread: 0x00000000199d6000
RSI=0x000000001a7d1a60 is an unknown value
RDI=0x0000000000000005 is an unknown value
R8 =0x000000001a7a4060 is an unknown value
R9 =0x000000001a7d1a60 is an unknown value
R10=0x00000000047559a8 is at code_begin+840 in an Interpreter codelet
method entry point (kind = native)  [0x0000000004755660, 0x0000000004755fc0]  2400 bytes
R11=0x00000000536fb4d0 is an unknown value
R12=0x0000000000000000 is an unknown value
R13={method} {0x0000000017ae92c0} 'jniDestroyBody' '(JJ)V' in 'com/badlogic/gdx/physics/box2d/World'
R14=0x000000001a6beb88 is pointing into the stack for thread: 0x00000000199d6000
R15=0x00000000199d6000 is a thread


Stack: [0x000000001a5c0000,0x000000001a6c0000],  sp=0x000000001a6bea38,  free space=1018k
Native frames: (J=compiled Java code, j=interpreted, Vv=VM code, C=native code)
C  [gdx-box2d64.dll+0x22430]
C  [gdx-box2d64.dll+0x28665]
C  0x00000000047559d4

Java frames: (J=compiled Java code, j=interpreted, Vv=VM code)
j  com.badlogic.gdx.physics.box2d.World.jniDestroyBody(JJ)V+0
j  com.badlogic.gdx.physics.box2d.World.destroyBody(Lcom/badlogic/gdx/physics/box2d/Body;)V+42
j  gr.joints.myscreens.ScreenMenu.dispose()V+57
j  gr.joints.managers.MyScreenManager.dispose()V+18
j  gr.joints.MyGame.dispose()V+25
j  com.badlogic.gdx.backends.lwjgl.LwjglApplication.mainLoop()V+846
j  com.badlogic.gdx.backends.lwjgl.LwjglApplication$1.run()V+27
v  ~StubRoutines::call_stub

---------------  P R O C E S S  ---------------

Java Threads: ( => current thread )
  0x0000000019aca000 JavaThread "LWJGL Timer" daemon [_thread_blocked, id=9760, stack(0x0000000022cc0000,0x0000000022dc0000)]
  0x00000000043ce800 JavaThread "DestroyJavaVM" [_thread_blocked, id=6524, stack(0x0000000004440000,0x0000000004540000)]
=>0x00000000199d6000 JavaThread "LWJGL Application" [_thread_in_native, id=6272, stack(0x000000001a5c0000,0x000000001a6c0000)]
  0x0000000017ede800 JavaThread "Service Thread" daemon [_thread_blocked, id=6764, stack(0x0000000019090000,0x0000000019190000)]
  0x0000000017e73800 JavaThread "C1 CompilerThread1" daemon [_thread_blocked, id=6448, stack(0x0000000018f90000,0x0000000019090000)]
  0x0000000017e6c800 JavaThread "C2 CompilerThread0" daemon [_thread_blocked, id=9004, stack(0x0000000018e90000,0x0000000018f90000)]
  0x0000000017e6b000 JavaThread "Attach Listener" daemon [_thread_blocked, id=4768, stack(0x0000000018d90000,0x0000000018e90000)]
  0x0000000017e6a000 JavaThread "Signal Dispatcher" daemon [_thread_blocked, id=7480, stack(0x0000000018c90000,0x0000000018d90000)]
  0x0000000017e58000 JavaThread "Finalizer" daemon [_thread_blocked, id=10784, stack(0x0000000018aa0000,0x0000000018ba0000)]
  0x0000000004730000 JavaThread "Reference Handler" daemon [_thread_blocked, id=8724, stack(0x00000000189a0000,0x0000000018aa0000)]

Other Threads:
  0x0000000017e36000 VMThread [stack: 0x00000000188a0000,0x00000000189a0000] [id=3628]
  0x0000000017ef3000 WatcherThread [stack: 0x0000000019190000,0x0000000019290000] [id=1212]

VM state:not at safepoint (normal execution)

VM Mutex/Monitor currently owned by a thread: None

Heap:
 PSYoungGen      total 28672K, used 20401K [0x00000000e0000000, 0x00000000e2000000, 0x0000000100000000)
  eden space 24576K, 83% used [0x00000000e0000000,0x00000000e13ec708,0x00000000e1800000)
  from space 4096K, 0% used [0x00000000e1c00000,0x00000000e1c00000,0x00000000e2000000)
  to   space 4096K, 0% used [0x00000000e1800000,0x00000000e1800000,0x00000000e1c00000)
 ParOldGen       total 65536K, used 0K [0x00000000a0000000, 0x00000000a4000000, 0x00000000e0000000)
  object space 65536K, 0% used [0x00000000a0000000,0x00000000a0000000,0x00000000a4000000)
 Metaspace       used 7523K, capacity 7683K, committed 7936K, reserved 1056768K
  class space    used 711K, capacity 720K, committed 768K, reserved 1048576K

Card table byte_map: [0x0000000013b00000,0x0000000013e10000] byte_map_base: 0x0000000013600000

Marking Bits: (ParMarkBitMap*) 0x0000000053ced850
 Begin Bits: [0x0000000014210000, 0x0000000015a10000)
 End Bits:   [0x0000000015a10000, 0x0000000017210000)

Polling page: 0x0000000002880000

CodeCache: size=245760Kb used=3329Kb max_used=3329Kb free=242430Kb
 bounds [0x0000000004740000, 0x0000000004a90000, 0x0000000013740000]
 total_blobs=1340 nmethods=856 adapters=399
 compilation: enabled

Compilation events (10 events):
Event: 5.838 Thread 0x0000000017e73800  851       3       java.nio.HeapByteBuffer::_get (7 bytes)
Event: 5.838 Thread 0x0000000017e73800 nmethod 851 0x0000000004a7f7d0 code [0x0000000004a7f920, 0x0000000004a7fab0]
Event: 5.855 Thread 0x0000000017e73800  852       3       com.badlogic.gdx.physics.box2d.World::getBodies (47 bytes)
Event: 5.856 Thread 0x0000000017e73800 nmethod 852 0x0000000004a7fb90 code [0x0000000004a7fd80, 0x0000000004a805d8]
Event: 5.921 Thread 0x0000000017e73800  853       3       com.badlogic.gdx.backends.lwjgl.LwjglGL20::glDisable (5 bytes)
Event: 5.922 Thread 0x0000000017e73800 nmethod 853 0x0000000004a80990 code [0x0000000004a80b80, 0x0000000004a81338]
Event: 5.922 Thread 0x0000000017e73800  854       3       org.lwjgl.opengl.GL11::glDisable (19 bytes)
Event: 5.922 Thread 0x0000000017e73800 nmethod 854 0x0000000004a81850 code [0x0000000004a81a40, 0x0000000004a82178]
Event: 6.022 Thread 0x0000000017e73800  855   !   3       org.lwjgl.input.Keyboard::isKeyDown (45 bytes)
Event: 6.022 Thread 0x0000000017e73800 nmethod 855 0x0000000004a82550 code [0x0000000004a82700, 0x0000000004a82d88]

GC Heap History (0 events):
No events

Deoptimization events (1 events):
Event: 3.956 Thread 0x00000000199d6000 Uncommon trap: reason=unstable_if action=reinterpret pc=0x000000000494b724 method=java.lang.String.<init>([CII)V @ 18

Internal exceptions (10 events):
Event: 0.319 Thread 0x00000000043ce800 Exception <a 'java/security/PrivilegedActionException'> (0x00000000e02db748) thrown at [C:\re\workspace\8-2-build-windows-amd64-cygwin\jdk8u151\9699\hotspot\src\share\vm\prims\jvm.cpp, line 1390]
Event: 0.319 Thread 0x00000000043ce800 Exception <a 'java/security/PrivilegedActionException'> (0x00000000e02db958) thrown at [C:\re\workspace\8-2-build-windows-amd64-cygwin\jdk8u151\9699\hotspot\src\share\vm\prims\jvm.cpp, line 1390]
Event: 0.320 Thread 0x00000000043ce800 Exception <a 'java/security/PrivilegedActionException'> (0x00000000e02df5c8) thrown at [C:\re\workspace\8-2-build-windows-amd64-cygwin\jdk8u151\9699\hotspot\src\share\vm\prims\jvm.cpp, line 1390]
Event: 0.320 Thread 0x00000000043ce800 Exception <a 'java/security/PrivilegedActionException'> (0x00000000e02df7d8) thrown at [C:\re\workspace\8-2-build-windows-amd64-cygwin\jdk8u151\9699\hotspot\src\share\vm\prims\jvm.cpp, line 1390]
Event: 0.435 Thread 0x00000000043ce800 Exception <a 'java/security/PrivilegedActionException'> (0x00000000e040af40) thrown at [C:\re\workspace\8-2-build-windows-amd64-cygwin\jdk8u151\9699\hotspot\src\share\vm\prims\jvm.cpp, line 1390]
Event: 0.435 Thread 0x00000000043ce800 Exception <a 'java/security/PrivilegedActionException'> (0x00000000e040cc18) thrown at [C:\re\workspace\8-2-build-windows-amd64-cygwin\jdk8u151\9699\hotspot\src\share\vm\prims\jvm.cpp, line 1390]
Event: 0.435 Thread 0x00000000043ce800 Exception <a 'java/security/PrivilegedActionException'> (0x00000000e040dd88) thrown at [C:\re\workspace\8-2-build-windows-amd64-cygwin\jdk8u151\9699\hotspot\src\share\vm\prims\jvm.cpp, line 1390]
Event: 0.435 Thread 0x00000000043ce800 Exception <a 'java/security/PrivilegedActionException'> (0x00000000e0412ef0) thrown at [C:\re\workspace\8-2-build-windows-amd64-cygwin\jdk8u151\9699\hotspot\src\share\vm\prims\jvm.cpp, line 1390]
Event: 0.435 Thread 0x00000000043ce800 Exception <a 'java/security/PrivilegedActionException'> (0x00000000e0413b48) thrown at [C:\re\workspace\8-2-build-windows-amd64-cygwin\jdk8u151\9699\hotspot\src\share\vm\prims\jvm.cpp, line 1390]
Event: 0.435 Thread 0x00000000043ce800 Exception <a 'java/security/PrivilegedActionException'> (0x00000000e0414770) thrown at [C:\re\workspace\8-2-build-windows-amd64-cygwin\jdk8u151\9699\hotspot\src\share\vm\prims\jvm.cpp, line 1390]

Events (10 events):
Event: 3.976 loading class com/badlogic/gdx/graphics/g2d/Animation$1
Event: 3.976 loading class com/badlogic/gdx/graphics/g2d/Animation$1 done
Event: 4.159 loading class com/badlogic/gdx/utils/ObjectSet$ObjectSetIterator
Event: 4.159 loading class com/badlogic/gdx/utils/ObjectSet$ObjectSetIterator done
Event: 4.231 Executing VM operation: EnableBiasedLocking
Event: 4.231 Executing VM operation: EnableBiasedLocking done
Event: 5.788 loading class com/badlogic/gdx/backends/lwjgl/LwjglInput$TouchEvent
Event: 5.788 loading class com/badlogic/gdx/backends/lwjgl/LwjglInput$TouchEvent done
Event: 6.245 loading class com/badlogic/gdx/backends/lwjgl/LwjglApplication$2
Event: 6.245 loading class com/badlogic/gdx/backends/lwjgl/LwjglApplication$2 done


Dynamic libraries:
0x00007ff617460000 - 0x00007ff617497000 	C:\Program Files\Java\jre1.8.0_151\bin\javaw.exe
0x00007ffa4ddb0000 - 0x00007ffa4df90000 	C:\WINDOWS\SYSTEM32\ntdll.dll
0x00007ffa4c2b0000 - 0x00007ffa4c35e000 	C:\WINDOWS\System32\KERNEL32.DLL
0x00007ffa4a1b0000 - 0x00007ffa4a416000 	C:\WINDOWS\System32\KERNELBASE.dll
0x00007ffa48830000 - 0x00007ffa488b8000 	C:\WINDOWS\SYSTEM32\apphelp.dll
0x00007ffa4ba20000 - 0x00007ffa4bac1000 	C:\WINDOWS\System32\ADVAPI32.dll
0x00007ffa4bc40000 - 0x00007ffa4bcdd000 	C:\WINDOWS\System32\msvcrt.dll
0x00007ffa4bb60000 - 0x00007ffa4bbbb000 	C:\WINDOWS\System32\sechost.dll
0x00007ffa4be20000 - 0x00007ffa4bf3f000 	C:\WINDOWS\System32\RPCRT4.dll
0x00007ffa4c360000 - 0x00007ffa4c4ef000 	C:\WINDOWS\System32\USER32.dll
0x00007ffa4a590000 - 0x00007ffa4a5b0000 	C:\WINDOWS\System32\win32u.dll
0x00007ffa4bad0000 - 0x00007ffa4baf8000 	C:\WINDOWS\System32\GDI32.dll
0x00007ffa4a5b0000 - 0x00007ffa4a743000 	C:\WINDOWS\System32\gdi32full.dll
0x00007ffa4a420000 - 0x00007ffa4a4bb000 	C:\WINDOWS\System32\msvcp_win.dll
0x00007ffa4b120000 - 0x00007ffa4b216000 	C:\WINDOWS\System32\ucrtbase.dll
0x00007ffa35180000 - 0x00007ffa353e9000 	C:\WINDOWS\WinSxS\amd64_microsoft.windows.common-controls_6595b64144ccf1df_6.0.16299.125_none_15cbcf8893620c09\COMCTL32.dll
0x00007ffa4bf40000 - 0x00007ffa4c248000 	C:\WINDOWS\System32\combase.dll
0x00007ffa4a510000 - 0x00007ffa4a582000 	C:\WINDOWS\System32\bcryptPrimitives.dll
0x00007ffa4c910000 - 0x00007ffa4c93d000 	C:\WINDOWS\System32\IMM32.DLL
0x00000000533f0000 - 0x00000000534c2000 	C:\Program Files\Java\jre1.8.0_151\bin\msvcr100.dll
0x00000000534d0000 - 0x0000000053d6d000 	C:\Program Files\Java\jre1.8.0_151\bin\server\jvm.dll
0x00007ffa4b2e0000 - 0x00007ffa4b2e8000 	C:\WINDOWS\System32\PSAPI.DLL
0x00007ffa38b20000 - 0x00007ffa38b29000 	C:\WINDOWS\SYSTEM32\WSOCK32.dll
0x00007ffa4bdb0000 - 0x00007ffa4be1c000 	C:\WINDOWS\System32\WS2_32.dll
0x00007ffa42af0000 - 0x00007ffa42b13000 	C:\WINDOWS\SYSTEM32\WINMM.dll
0x00007ffa45390000 - 0x00007ffa4539a000 	C:\WINDOWS\SYSTEM32\VERSION.dll
0x00007ffa42a90000 - 0x00007ffa42aba000 	C:\WINDOWS\SYSTEM32\WINMMBASE.dll
0x00007ffa4a4c0000 - 0x00007ffa4a50a000 	C:\WINDOWS\System32\cfgmgr32.dll
0x0000000054130000 - 0x000000005413f000 	C:\Program Files\Java\jre1.8.0_151\bin\verify.dll
0x0000000054100000 - 0x0000000054129000 	C:\Program Files\Java\jre1.8.0_151\bin\java.dll
0x00000000540e0000 - 0x00000000540f6000 	C:\Program Files\Java\jre1.8.0_151\bin\zip.dll
0x00007ffa4c940000 - 0x00007ffa4dd76000 	C:\WINDOWS\System32\SHELL32.dll
0x00007ffa4b390000 - 0x00007ffa4b436000 	C:\WINDOWS\System32\shcore.dll
0x00007ffa4a9d0000 - 0x00007ffa4b117000 	C:\WINDOWS\System32\windows.storage.dll
0x00007ffa4bb00000 - 0x00007ffa4bb51000 	C:\WINDOWS\System32\shlwapi.dll
0x00007ffa4a150000 - 0x00007ffa4a161000 	C:\WINDOWS\System32\kernel.appcore.dll
0x00007ffa4a100000 - 0x00007ffa4a14c000 	C:\WINDOWS\System32\powrprof.dll
0x00007ffa4a170000 - 0x00007ffa4a18b000 	C:\WINDOWS\System32\profapi.dll
0x0000000065580000 - 0x0000000065616000 	C:\Users\Bionic\AppData\Local\Temp\libgdxBionic\38c81921\gdx64.dll
0x00007ffa49af0000 - 0x00007ffa49b07000 	C:\WINDOWS\SYSTEM32\CRYPTSP.dll
0x00007ffa49540000 - 0x00007ffa49573000 	C:\WINDOWS\system32\rsaenh.dll
0x00007ffa49c00000 - 0x00007ffa49c25000 	C:\WINDOWS\SYSTEM32\bcrypt.dll
0x00007ffa4a030000 - 0x00007ffa4a059000 	C:\WINDOWS\SYSTEM32\USERENV.dll
0x00007ffa49b10000 - 0x00007ffa49b1b000 	C:\WINDOWS\SYSTEM32\CRYPTBASE.dll
0x00000000540c0000 - 0x00000000540da000 	C:\Program Files\Java\jre1.8.0_151\bin\net.dll
0x00007ffa49930000 - 0x00007ffa49996000 	C:\WINDOWS\system32\mswsock.dll
0x00007ffa496c0000 - 0x00007ffa496f9000 	C:\WINDOWS\SYSTEM32\IPHLPAPI.DLL
0x00007ffa4b460000 - 0x00007ffa4b468000 	C:\WINDOWS\System32\NSI.dll
0x00007ffa47ae0000 - 0x00007ffa47af6000 	C:\WINDOWS\SYSTEM32\dhcpcsvc6.DLL
0x00007ffa47ac0000 - 0x00007ffa47ada000 	C:\WINDOWS\SYSTEM32\dhcpcsvc.DLL
0x00000000540a0000 - 0x00000000540b1000 	C:\Program Files\Java\jre1.8.0_151\bin\nio.dll
0x0000000180000000 - 0x0000000180053000 	C:\Users\Bionic\AppData\Local\Temp\libgdxBionic\dc0f0009\lwjgl64.dll
0x00007ffa283c0000 - 0x00007ffa284de000 	C:\WINDOWS\SYSTEM32\OPENGL32.dll
0x00007ffa3f160000 - 0x00007ffa3f18c000 	C:\WINDOWS\SYSTEM32\GLU32.dll
0x0000000004310000 - 0x0000000004374000 	C:\Users\Bionic\AppData\Local\Temp\libgdxBionic\dc0f0009\OpenAL64.dll
0x00007ffa4b470000 - 0x00007ffa4b5b9000 	C:\WINDOWS\System32\ole32.dll
0x00007ffa48bc0000 - 0x00007ffa48c55000 	C:\WINDOWS\system32\uxtheme.dll
0x00007ffa4b2f0000 - 0x00007ffa4b38e000 	C:\WINDOWS\System32\clbcatq.dll
0x00007ffa45a40000 - 0x00007ffa45bf1000 	C:\WINDOWS\System32\PROPSYS.dll
0x00007ffa4bce0000 - 0x00007ffa4bda5000 	C:\WINDOWS\System32\OLEAUT32.dll
0x00007ffa3d3f0000 - 0x00007ffa3d47f000 	C:\WINDOWS\SYSTEM32\dsound.dll
0x00007ffa44b50000 - 0x00007ffa44bbf000 	C:\WINDOWS\System32\MMDevApi.dll
0x00007ffa49eb0000 - 0x00007ffa49ed7000 	C:\WINDOWS\System32\DEVOBJ.dll
0x00007ffa27be0000 - 0x00007ffa27d02000 	C:\WINDOWS\SYSTEM32\AUDIOSES.DLL
0x00007ffa44c10000 - 0x00007ffa44d46000 	C:\WINDOWS\SYSTEM32\wintypes.dll
0x00007ffa42850000 - 0x00007ffa4285a000 	C:\WINDOWS\SYSTEM32\AVRT.dll
0x00007ffa4c4f0000 - 0x00007ffa4c657000 	C:\WINDOWS\System32\MSCTF.dll
0x00007ffa48c90000 - 0x00007ffa48cba000 	C:\WINDOWS\system32\dwmapi.dll
0x00007ffa41460000 - 0x00007ffa414f8000 	C:\WINDOWS\System32\TextInputFramework.dll
0x00007ffa42430000 - 0x00007ffa4271e000 	C:\WINDOWS\System32\CoreUIComponents.dll
0x00007ffa47420000 - 0x00007ffa474fd000 	C:\WINDOWS\System32\CoreMessaging.dll
0x00007ffa49240000 - 0x00007ffa49271000 	C:\WINDOWS\SYSTEM32\ntmarta.dll
0x0000000051100000 - 0x00000000533e2000 	C:\WINDOWS\SYSTEM32\nvoglv64.DLL
0x00007ffa4b5c0000 - 0x00007ffa4ba0e000 	C:\WINDOWS\System32\SETUPAPI.dll
0x00007ffa47c50000 - 0x00007ffa47c63000 	C:\WINDOWS\SYSTEM32\WTSAPI32.dll
0x00007ffa4b220000 - 0x00007ffa4b278000 	C:\WINDOWS\System32\WINTRUST.dll
0x00007ffa4a190000 - 0x00007ffa4a1a2000 	C:\WINDOWS\System32\MSASN1.dll
0x00007ffa4a750000 - 0x00007ffa4a91e000 	C:\WINDOWS\System32\CRYPT32.dll
0x00007ffa3eaa0000 - 0x00007ffa3ecf4000 	C:\WINDOWS\system32\nvspcap64.dll
0x00007ffa42b40000 - 0x00007ffa42bd7000 	C:\WINDOWS\SYSTEM32\mscms.dll
0x00007ffa29180000 - 0x00007ffa291c1000 	C:\WINDOWS\SYSTEM32\icm32.dll
0x00007ffa49f00000 - 0x00007ffa49f55000 	C:\WINDOWS\SYSTEM32\WINSTA.dll
0x0000000066bc0000 - 0x0000000066c7b000 	C:\Users\Bionic\AppData\Local\Temp\libgdxBionic\935f82d0\gdx-box2d64.dll
0x00007ffa433a0000 - 0x00007ffa43568000 	C:\WINDOWS\SYSTEM32\dbghelp.dll

VM Arguments:
jvm_args: -Dfile.encoding=Cp1253 
java_command: gr.joints.desktop.DesktopLauncher
java_class_path (initial): C:\Program Files\Java\jre1.8.0_151\lib\resources.jar;C:\Program Files\Java\jre1.8.0_151\lib\rt.jar;C:\Program Files\Java\jre1.8.0_151\lib\jsse.jar;C:\Program Files\Java\jre1.8.0_151\lib\jce.jar;C:\Program Files\Java\jre1.8.0_151\lib\charsets.jar;C:\Program Files\Java\jre1.8.0_151\lib\jfr.jar;C:\Program Files\Java\jre1.8.0_151\lib\ext\access-bridge-64.jar;C:\Program Files\Java\jre1.8.0_151\lib\ext\cldrdata.jar;C:\Program Files\Java\jre1.8.0_151\lib\ext\dnsns.jar;C:\Program Files\Java\jre1.8.0_151\lib\ext\jaccess.jar;C:\Program Files\Java\jre1.8.0_151\lib\ext\jfxrt.jar;C:\Program Files\Java\jre1.8.0_151\lib\ext\localedata.jar;C:\Program Files\Java\jre1.8.0_151\lib\ext\nashorn.jar;C:\Program Files\Java\jre1.8.0_151\lib\ext\sunec.jar;C:\Program Files\Java\jre1.8.0_151\lib\ext\sunjce_provider.jar;C:\Program Files\Java\jre1.8.0_151\lib\ext\sunmscapi.jar;C:\Program Files\Java\jre1.8.0_151\lib\ext\sunpkcs11.jar;C:\Program Files\Java\jre1.8.0_151\lib\ext\zipfs.jar;C:\Users\Bionic\Documents\eclipse-workspace\Box2D Joints 01-desktop\bin;C:\Users\Bionic\Documents\eclipse-workspace\Box2D Joints 01-core\bin;C:\Users\Bionic\.gradle\caches\modules-2\files-2.1\com.badlogicgames.gdx\gdx\1.9.6\47d1e9b890e364ec28f128e9bb3b9a12a94c164\gdx-1.9.6.jar;C:\Users\Bionic\.gradle\caches\modules-2\files-2.1\com.badlogicgames.gdx\gdx-freetype\1.9.6\69187cc3c8062f191df435b43671b0e5ffcbf353\gdx-freetype-1.9.6.jar;C:\Users\Bionic\.gradle\caches\modules-2\files-2.1\com.badlogicgames.gdx\gdx-controllers\1.9.6\ea1fd4884be631d9b7cd0f496b1ab39e31eb434b\gdx-controllers-1.9.6.jar;C:\Users\Bionic\.gradle\caches\modules-2\files-2.1\com.badlogicgames.gdx\gdx-box2d\1.9.6\c249ef4060a4fada952f278455c8f7b9cba3c18a\gdx-box2d-1.9.6.jar;C:\Users\Bionic\.gradle\caches\modules-2\files-2.1\com.badlogicgames.gdx\gdx-ai\1.8.0\ec30677d8ab1a8b8aa4b853c5f4e4b1361f50bf5\gdx-ai-1.8.0.jar;C:\Users\Bionic\.gradle\caches\modules-2\files-2.1\com.badlogicgames.ashley\ashley\1.7.0\a7c4083c0a42027a3c03ba
Launcher Type: SUN_STANDARD

Environment Variables:
PATH=C:/Program Files/Java/jre1.8.0_151/bin/server;C:/Program Files/Java/jre1.8.0_151/bin;C:/Program Files/Java/jre1.8.0_151/lib/amd64;C:\ProgramData\Oracle\Java\javapath;C:\Windows\system32;C:\Windows;C:\Windows\System32\Wbem;C:\Windows\System32\WindowsPowerShell\v1.0\;C:\Program Files (x86)\NVIDIA Corporation\PhysX\Common;C:\Program Files\Java\jdk1.8.0_144\bin;C:\Users\Bionic\AppData\Local\Android\sdk;C:\Program Files (x86)\Git\cmd;C:\Users\Bionic\android-sdks;C:\Program Files (x86)\scala\bin;C:\WINDOWS\system32;C:\WINDOWS;C:\WINDOWS\System32\Wbem;C:\WINDOWS\System32\WindowsPowerShell\v1.0\;C:\Users\Bionic\AppData\Local\Microsoft\WindowsApps;C:\Program Files\eclipse;
USERNAME=Bionic
OS=Windows_NT
PROCESSOR_IDENTIFIER=Intel64 Family 6 Model 23 Stepping 6, GenuineIntel



---------------  S Y S T E M  ---------------

OS: Windows 10.0 , 64 bit Build 16299 (10.0.16299.15)

CPU:total 2 (initial active 2) (2 cores per cpu, 1 threads per core) family 6 model 23 stepping 6, cmov, cx8, fxsr, mmx, sse, sse2, sse3, ssse3, sse4.1, tsc

Memory: 4k page, physical 6290540k(3060200k free), swap 9576712k(4499292k free)

vm_info: Java HotSpot(TM) 64-Bit Server VM (25.151-b12) for windows-amd64 JRE (1.8.0_151-b12), built on Sep  5 2017 19:33:46 by "java_re" with MS VC++ 10.0 (VS2010)

time: Fri Dec 22 12:29:58 2017
elapsed time: 6 seconds (0d 0h 0m 6s)

